kotlin version: 1.9.22
error message: Incremental compilation failed: null
java.lang.IndexOutOfBoundsException
	at java.base/java.nio.Buffer.checkIndex(Buffer.java:749)
	at java.base/java.nio.DirectByteBuffer.getInt(DirectByteBuffer.java:699)
	at org.jetbrains.kotlin.com.intellij.util.io.DirectBufferWrapper.getInt(DirectBufferWrapper.java:75)
	at org.jetbrains.kotlin.com.intellij.util.io.IntToIntBtree$BtreePage.syncWithStore(IntToIntBtree.java:327)
	at org.jetbrains.kotlin.com.intellij.util.io.IntToIntBtree$BtreePage.setAddress(IntToIntBtree.java:315)
	at org.jetbrains.kotlin.com.intellij.util.io.IntToIntBtree$BtreeRootNode.syncWithStore(IntToIntBtree.java:145)
	at org.jetbrains.kotlin.com.intellij.util.io.IntToIntBtree$BtreeRootNode.access$1000(IntToIntBtree.java:130)
	at org.jetbrains.kotlin.com.intellij.util.io.IntToIntBtree.processMappings(IntToIntBtree.java:1087)
	at org.jetbrains.kotlin.com.intellij.util.io.PersistentBTreeEnumerator.traverseAllRecords(PersistentBTreeEnumerator.java:345)
	at org.jetbrains.kotlin.com.intellij.util.io.PersistentEnumeratorBase.processAllDataObject(PersistentEnumeratorBase.java:327)
	at org.jetbrains.kotlin.com.intellij.util.io.PersistentBTreeEnumerator.processAllDataObject(PersistentBTreeEnumerator.java:336)
	at org.jetbrains.kotlin.com.intellij.util.io.PersistentMapImpl.processExistingKeys(PersistentMapImpl.java:525)
	at org.jetbrains.kotlin.com.intellij.util.io.PersistentHashMap.processKeysWithExistingMapping(PersistentHashMap.java:173)
	at org.jetbrains.kotlin.incremental.storage.CachingLazyStorage.getKeys(CachingLazyStorage.kt:65)
	at org.jetbrains.kotlin.incremental.storage.LookupMap.getKeys(LookupMap.kt:56)
	at org.jetbrains.kotlin.incremental.TrackedLookupMap.getKeys(LookupStorage.kt:306)
	at org.jetbrains.kotlin.incremental.LookupStorage.getLookupSymbols(LookupStorage.kt:89)
	at org.jetbrains.kotlin.incremental.classpathDiff.ClasspathSnapshotShrinker$shrinkClasspath$lookupSymbols$1.invoke(ClasspathSnapshotShrinker.kt:37)
	at org.jetbrains.kotlin.incremental.classpathDiff.ClasspathSnapshotShrinker$shrinkClasspath$lookupSymbols$1.invoke(ClasspathSnapshotShrinker.kt:36)
	at org.jetbrains.kotlin.incremental.classpathDiff.ClasspathSnapshotShrinker$MetricsReporter.getLookupSymbols(ClasspathSnapshotShrinker.kt:330)
	at org.jetbrains.kotlin.incremental.classpathDiff.ClasspathSnapshotShrinker.shrinkClasspath(ClasspathSnapshotShrinker.kt:36)
	at org.jetbrains.kotlin.incremental.classpathDiff.ClasspathChangesComputer.computeClasspathChanges(ClasspathChangesComputer.kt:50)
	at org.jetbrains.kotlin.incremental.IncrementalJvmCompilerRunner.calculateSourcesToCompileImpl(IncrementalJvmCompilerRunner.kt:197)
	at org.jetbrains.kotlin.incremental.IncrementalJvmCompilerRunner.calculateSourcesToCompile(IncrementalJvmCompilerRunner.kt:135)
	at org.jetbrains.kotlin.incremental.IncrementalJvmCompilerRunner.calculateSourcesToCompile(IncrementalJvmCompilerRunner.kt:62)
	at org.jetbrains.kotlin.incremental.IncrementalCompilerRunner.tryCompileIncrementally$lambda$6$compile(IncrementalCompilerRunner.kt:207)
	at org.jetbrains.kotlin.incremental.IncrementalCompilerRunner.tryCompileIncrementally(IncrementalCompilerRunner.kt:247)
	at org.jetbrains.kotlin.incremental.IncrementalCompilerRunner.compile(IncrementalCompilerRunner.kt:116)
	at org.jetbrains.kotlin.daemon.CompileServiceImplBase.execIncrementalCompiler(CompileServiceImpl.kt:657)
	at org.jetbrains.kotlin.daemon.CompileServiceImplBase.access$execIncrementalCompiler(CompileServiceImpl.kt:105)
	at org.jetbrains.kotlin.daemon.CompileServiceImpl.compile(CompileServiceImpl.kt:1624)
	at java.base/jdk.internal.reflect.NativeMethodAccessorImpl.invoke0(Native Method)
	at java.base/jdk.internal.reflect.NativeMethodAccessorImpl.invoke(NativeMethodAccessorImpl.java:77)
	at java.base/jdk.internal.reflect.DelegatingMethodAccessorImpl.invoke(DelegatingMethodAccessorImpl.java:43)
	at java.base/java.lang.reflect.Method.invoke(Method.java:568)
	at java.rmi/sun.rmi.server.UnicastServerRef.dispatch(UnicastServerRef.java:360)
	at java.rmi/sun.rmi.transport.Transport$1.run(Transport.java:200)
	at java.rmi/sun.rmi.transport.Transport$1.run(Transport.java:197)
	at java.base/java.security.AccessController.doPrivileged(AccessController.java:712)
	at java.rmi/sun.rmi.transport.Transport.serviceCall(Transport.java:196)
	at java.rmi/sun.rmi.transport.tcp.TCPTransport.handleMessages(TCPTransport.java:587)
	at java.rmi/sun.rmi.transport.tcp.TCPTransport$ConnectionHandler.run0(TCPTransport.java:828)
	at java.rmi/sun.rmi.transport.tcp.TCPTransport$ConnectionHandler.lambda$run$0(TCPTransport.java:705)
	at java.base/java.security.AccessController.doPrivileged(AccessController.java:399)
	at java.rmi/sun.rmi.transport.tcp.TCPTransport$ConnectionHandler.run(TCPTransport.java:704)
	at java.base/java.util.concurrent.ThreadPoolExecutor.runWorker(ThreadPoolExecutor.java:1136)
	at java.base/java.util.concurrent.ThreadPoolExecutor$Worker.run(ThreadPoolExecutor.java:635)
	at java.base/java.lang.Thread.run(Thread.java:840)


